Unity Editor version:    2021.3.16f1 (4016570cf34f)
Branch:                  2021.3/staging
Build type:              Release
Batch mode:              YES
macOS version:           Version 12.6.3 (Build 21G419)
Darwin version:          21.6.0
Architecture:            x86_64
Running under Rosetta:   NO
Available memory:        8192 MB
Using pre-set license
Pro License: YES

COMMAND LINE ARGUMENTS:
/Applications/Unity/Hub/Editor/2021.3.16f1/Unity.app/Contents/MacOS/Unity
-adb2
-batchMode
-noUpm
-name
AssetImportWorker0
-projectPath
/Users/limsuhan/Desktop/-2023CapstoneDesign/EducationalGame
-logFile
Logs/AssetImportWorker0.log
-srvPort
49873
Successfully changed project path to: /Users/limsuhan/Desktop/-2023CapstoneDesign/EducationalGame
/Users/limsuhan/Desktop/-2023CapstoneDesign/EducationalGame
[UnityMemory] Configuration Parameters - Can be set up in boot.config
    "memorysetup-bucket-allocator-granularity=16"
    "memorysetup-bucket-allocator-bucket-count=8"
    "memorysetup-bucket-allocator-block-size=33554432"
    "memorysetup-bucket-allocator-block-count=8"
    "memorysetup-main-allocator-block-size=16777216"
    "memorysetup-thread-allocator-block-size=16777216"
    "memorysetup-gfx-main-allocator-block-size=16777216"
    "memorysetup-gfx-thread-allocator-block-size=16777216"
    "memorysetup-cache-allocator-block-size=4194304"
    "memorysetup-typetree-allocator-block-size=2097152"
    "memorysetup-profiler-bucket-allocator-granularity=16"
    "memorysetup-profiler-bucket-allocator-bucket-count=8"
    "memorysetup-profiler-bucket-allocator-block-size=33554432"
    "memorysetup-profiler-bucket-allocator-block-count=8"
    "memorysetup-profiler-allocator-block-size=16777216"
    "memorysetup-profiler-editor-allocator-block-size=1048576"
    "memorysetup-temp-allocator-size-main=16777216"
    "memorysetup-job-temp-allocator-block-size=2097152"
    "memorysetup-job-temp-allocator-block-size-background=1048576"
    "memorysetup-job-temp-allocator-reduction-small-platforms=262144"
    "memorysetup-temp-allocator-size-background-worker=32768"
    "memorysetup-temp-allocator-size-job-worker=262144"
    "memorysetup-temp-allocator-size-preload-manager=33554432"
    "memorysetup-temp-allocator-size-nav-mesh-worker=65536"
    "memorysetup-temp-allocator-size-audio-worker=65536"
    "memorysetup-temp-allocator-size-cloud-worker=32768"
    "memorysetup-temp-allocator-size-gi-baking-worker=262144"
    "memorysetup-temp-allocator-size-gfx=262144"
Player connection [4621567488] Host "[IP] 14.56.55.70 [Port] 0 [Flags] 2 [Guid] 277590886 [EditorId] 277590886 [Version] 1048832 [Id] OSXEditor(0,imsuhan-ui-MacBookAir.local) [Debug] 1 [PackageName] OSXEditor [ProjectName] Editor" joined multi-casting on [225.0.0.222:54997]...

Player connection [4621567488] Host "[IP] 14.56.55.70 [Port] 0 [Flags] 2 [Guid] 277590886 [EditorId] 277590886 [Version] 1048832 [Id] OSXEditor(0,imsuhan-ui-MacBookAir.local) [Debug] 1 [PackageName] OSXEditor [ProjectName] Editor" joined alternative multi-casting on [225.0.0.222:34997]...

Refreshing native plugins compatible for Editor in 227.61 ms, found 2 plugins.
Preloading 0 native plugins for Editor in 0.00 ms.
Initialize engine version: 2021.3.16f1 (4016570cf34f)
[Subsystems] Discovering subsystems at path /Applications/Unity/Hub/Editor/2021.3.16f1/Unity.app/Contents/Resources/UnitySubsystems
[Subsystems] Discovering subsystems at path /Users/limsuhan/Desktop/-2023CapstoneDesign/EducationalGame/Assets
GfxDevice: creating device client; threaded=0; jobified=0
QX24SD preferred device: Intel(R) Iris(TM) Graphics 6000 (low power)
Metal devices available: 1
0: Intel(R) Iris(TM) Graphics 6000 (low power)
Using device Intel(R) Iris(TM) Graphics 6000 (low power)
Initializing Metal device caps: Intel(R) Iris(TM) Graphics 6000
Initialize mono
Mono path[0] = '/Applications/Unity/Hub/Editor/2021.3.16f1/Unity.app/Contents/Managed'
Mono path[1] = '/Applications/Unity/Hub/Editor/2021.3.16f1/Unity.app/Contents/MonoBleedingEdge/lib/mono/unityjit-macos'
Mono config path = '/Applications/Unity/Hub/Editor/2021.3.16f1/Unity.app/Contents/MonoBleedingEdge/etc'
Using monoOptions --debugger-agent=transport=dt_socket,embedding=1,server=y,suspend=n,address=127.0.0.1:56264
Begin MonoManager ReloadAssembly
Registering precompiled unity dll's ...
Register platform support module: /Applications/Unity/Hub/Editor/2021.3.16f1/Unity.app/Contents/PlaybackEngines/MacStandaloneSupport/UnityEditor.OSXStandalone.Extensions.dll
Registered in 0.004005 seconds.
Native extension for OSXStandalone target not found
Refreshing native plugins compatible for Editor in 304.23 ms, found 2 plugins.
Preloading 0 native plugins for Editor in 0.00 ms.
Mono: successfully reloaded assembly
- Completed reload, in  1.994 seconds
Domain Reload Profiling:
	ReloadAssembly (1995ms)
		BeginReloadAssembly (272ms)
			ExecutionOrderSort (0ms)
			DisableScriptedObjects (0ms)
			BackupInstance (0ms)
			ReleaseScriptingObjects (0ms)
			CreateAndSetChildDomain (1ms)
		EndReloadAssembly (1423ms)
			LoadAssemblies (275ms)
			RebuildTransferFunctionScriptingTraits (0ms)
			SetupTypeCache (303ms)
			ReleaseScriptCaches (0ms)
			RebuildScriptCaches (77ms)
			SetupLoadedEditorAssemblies (928ms)
				LogAssemblyErrors (0ms)
				InitializePlatformSupportModulesInManaged (20ms)
				SetLoadedEditorAssemblies (1ms)
				RefreshPlugins (304ms)
				BeforeProcessingInitializeOnLoad (5ms)
				ProcessInitializeOnLoadAttributes (483ms)
				ProcessInitializeOnLoadMethodAttributes (114ms)
				AfterProcessingInitializeOnLoad (0ms)
				EditorAssembliesLoaded (0ms)
			ExecutionOrderSort2 (0ms)
			AwakeInstancesAfterBackupRestoration (0ms)
Platform modules already initialized, skipping
Registering precompiled user dll's ...
Registered in 0.008526 seconds.
Begin MonoManager ReloadAssembly
Symbol file LoadedFromMemory doesn't match image /Users/limsuhan/Desktop/-2023CapstoneDesign/EducationalGame/Library/PackageCache/com.unity.visualscripting@1.7.8/Editor/VisualScripting.Core/Dependencies/YamlDotNet/Unity.VisualScripting.YamlDotNet.dll
Symbol file LoadedFromMemory doesn't match image /Users/limsuhan/Desktop/-2023CapstoneDesign/EducationalGame/Library/PackageCache/com.unity.visualscripting@1.7.8/Editor/VisualScripting.Core/Dependencies/DotNetZip/Unity.VisualScripting.IonicZip.dll
Native extension for OSXStandalone target not found
Refreshing native plugins compatible for Editor in 0.77 ms, found 2 plugins.
Preloading 0 native plugins for Editor in 0.00 ms.
Mono: successfully reloaded assembly
- Completed reload, in  2.553 seconds
Domain Reload Profiling:
	ReloadAssembly (2555ms)
		BeginReloadAssembly (319ms)
			ExecutionOrderSort (0ms)
			DisableScriptedObjects (12ms)
			BackupInstance (0ms)
			ReleaseScriptingObjects (0ms)
			CreateAndSetChildDomain (61ms)
		EndReloadAssembly (1987ms)
			LoadAssemblies (303ms)
			RebuildTransferFunctionScriptingTraits (0ms)
			SetupTypeCache (716ms)
			ReleaseScriptCaches (1ms)
			RebuildScriptCaches (120ms)
			SetupLoadedEditorAssemblies (805ms)
				LogAssemblyErrors (0ms)
				InitializePlatformSupportModulesInManaged (6ms)
				SetLoadedEditorAssemblies (1ms)
				RefreshPlugins (1ms)
				BeforeProcessingInitializeOnLoad (131ms)
				ProcessInitializeOnLoadAttributes (572ms)
				ProcessInitializeOnLoadMethodAttributes (92ms)
				AfterProcessingInitializeOnLoad (3ms)
				EditorAssembliesLoaded (1ms)
			ExecutionOrderSort2 (0ms)
			AwakeInstancesAfterBackupRestoration (13ms)
Platform modules already initialized, skipping
========================================================================
Worker process is ready to serve import requests
Launching external process: /Applications/Unity/Hub/Editor/2021.3.16f1/Unity.app/Contents/Tools/UnityShaderCompiler
Launched and connected shader compiler UnityShaderCompiler after 0.14 seconds
Refreshing native plugins compatible for Editor in 0.67 ms, found 2 plugins.
Preloading 0 native plugins for Editor in 0.00 ms.
Unloading 3361 Unused Serialized files (Serialized files now loaded: 0)
Unloading 27 unused Assets / (88.6 KB). Loaded Objects now: 3818.
Memory consumption went from 114.4 MB to 114.3 MB.
Total: 4.506798 ms (FindLiveObjects: 0.331443 ms CreateObjectMapping: 0.166841 ms MarkObjects: 3.838388 ms  DeleteObjects: 0.168799 ms)

AssetImportParameters requested are different than current active one (requested -> active):
  custom:video-decoder-ogg-theora: a1e56fd34408186e4bbccfd4996cb3dc -> 
  custom:container-muxer-webm: aa71ff27fc2769a1b78a27578f13a17b -> 
  custom:container-demuxer-webm: 4f35f7cbe854078d1ac9338744f61a02 -> 
  custom:video-encoder-webm-vp8: eb34c28f22e8b96e1ab97ce403110664 -> 
  custom:framework-osx-AVFoundation: e770b220cccbd017edd2c1fefb359320 -> 
  custom:audio-encoder-webm-vorbis: bf7c407c2cedff20999df2af8eb42d56 -> 
  custom:container-demuxer-ogg: 62fdf1f143b41e24485cea50d1cbac27 -> 
  custom:video-decoder-webm-vp8: 9c59270c3fd7afecdb556c50c9e8de78 -> 
  custom:audio-decoder-ogg-vorbis: bf7c407c2cedff20999df2af8eb42d56 -> 
========================================================================
Received Import Request.
  Time since last request: 27208.806912 seconds.
  path: Assets/model
  artifactKey: Guid(96f933f04c1c7423da26b36fffb2eea6) Importer(815301076,1909f56bfc062723c751e8b465ee728b)
Start importing Assets/model using Guid(96f933f04c1c7423da26b36fffb2eea6) Importer(815301076,1909f56bfc062723c751e8b465ee728b)  -> (artifact id: 'a49a0251f8705586b5e4c2c7d92da259') in 0.011786 seconds 
========================================================================
Received Import Request.
  Time since last request: 52.556601 seconds.
  path: Assets/model/Cat_v1
  artifactKey: Guid(d001122dfd75445a9aa42279649be6be) Importer(815301076,1909f56bfc062723c751e8b465ee728b)
Start importing Assets/model/Cat_v1 using Guid(d001122dfd75445a9aa42279649be6be) Importer(815301076,1909f56bfc062723c751e8b465ee728b)  -> (artifact id: '651071dcef2ef57ae58e56a70dccb205') in 0.008883 seconds 
========================================================================
Received Import Request.
  Time since last request: 0.097830 seconds.
  path: Assets/model/Cat_v1/12221_Cat_v1_l3.obj
  artifactKey: Guid(ad37a63093d414bfca64bb5a6073bda7) Importer(815301076,1909f56bfc062723c751e8b465ee728b)
Start importing Assets/model/Cat_v1/12221_Cat_v1_l3.obj using Guid(ad37a63093d414bfca64bb5a6073bda7) Importer(815301076,1909f56bfc062723c751e8b465ee728b)  -> (artifact id: '6662733268d82709e27de3725389aad1') in 1.773792 seconds 
========================================================================
Received Import Request.
  Time since last request: 0.000117 seconds.
  path: Assets/model/Cat_v1/Cat_diffuse.jpg
  artifactKey: Guid(f2838ed2d9c3f427ca07ee82dcaaff08) Importer(815301076,1909f56bfc062723c751e8b465ee728b)
Start importing Assets/model/Cat_v1/Cat_diffuse.jpg using Guid(f2838ed2d9c3f427ca07ee82dcaaff08) Importer(815301076,1909f56bfc062723c751e8b465ee728b)  -> (artifact id: 'a62bcbede9ea09e6dd139f16acf276b8') in 0.276073 seconds 
========================================================================
Received Import Request.
  Time since last request: 0.000120 seconds.
  path: Assets/model/Cat_v1/Cat_bump.jpg
  artifactKey: Guid(ee7e4ebbe2a8a43f1ba4a1bace060c2f) Importer(815301076,1909f56bfc062723c751e8b465ee728b)
Start importing Assets/model/Cat_v1/Cat_bump.jpg using Guid(ee7e4ebbe2a8a43f1ba4a1bace060c2f) Importer(815301076,1909f56bfc062723c751e8b465ee728b)  -> (artifact id: 'e36102ba3d047035681e8fdf9d914e38') in 0.040330 seconds 
========================================================================
Received Import Request.
  Time since last request: 0.000141 seconds.
  path: Assets/model/Cat_v1/catRig2.fbx
  artifactKey: Guid(8ad710c6512cd458b877fba39d691b83) Importer(815301076,1909f56bfc062723c751e8b465ee728b)
Start importing Assets/model/Cat_v1/catRig2.fbx using Guid(8ad710c6512cd458b877fba39d691b83) Importer(815301076,1909f56bfc062723c751e8b465ee728b)  -> (artifact id: '6db081e5fa004fc2045b2be6de64a129') in 1.173456 seconds 
========================================================================
Received Import Request.
  Time since last request: 15.764028 seconds.
  path: Assets/model/dog
  artifactKey: Guid(701f502353f19453ebcae7b7200dc86e) Importer(815301076,1909f56bfc062723c751e8b465ee728b)
Start importing Assets/model/dog using Guid(701f502353f19453ebcae7b7200dc86e) Importer(815301076,1909f56bfc062723c751e8b465ee728b)  -> (artifact id: 'eb74df30e10d2de52d81503955eb26ff') in 0.011535 seconds 
========================================================================
Received Import Request.
  Time since last request: 0.024732 seconds.
  path: Assets/model/dog/Australian_Cattle_Dog_bump.jpg
  artifactKey: Guid(5c63922460dfb4dd9874007f77309e9d) Importer(815301076,1909f56bfc062723c751e8b465ee728b)
Start importing Assets/model/dog/Australian_Cattle_Dog_bump.jpg using Guid(5c63922460dfb4dd9874007f77309e9d) Importer(815301076,1909f56bfc062723c751e8b465ee728b)  -> (artifact id: '3d398cf16c06c944333397301ee8bc12') in 0.040093 seconds 
========================================================================
Received Import Request.
  Time since last request: 0.000116 seconds.
  path: Assets/model/dog/dog2.fbx
  artifactKey: Guid(f8a7efc94ab204a61afbbb3928bd944a) Importer(815301076,1909f56bfc062723c751e8b465ee728b)
Start importing Assets/model/dog/dog2.fbx using Guid(f8a7efc94ab204a61afbbb3928bd944a) Importer(815301076,1909f56bfc062723c751e8b465ee728b)  -> (artifact id: '8757442371ae922dcfb45c6ece0974be') in 0.095817 seconds 
========================================================================
Received Import Request.
  Time since last request: 0.000109 seconds.
  path: Assets/model/dog/Australian_Cattle_Dog_dif.jpg
  artifactKey: Guid(9e2951e9e8ccc4236a81eed087ecb30f) Importer(815301076,1909f56bfc062723c751e8b465ee728b)
Start importing Assets/model/dog/Australian_Cattle_Dog_dif.jpg using Guid(9e2951e9e8ccc4236a81eed087ecb30f) Importer(815301076,1909f56bfc062723c751e8b465ee728b)  -> (artifact id: '6620ad9aff5c09bbb26854534b166456') in 0.048064 seconds 
========================================================================
Received Import Request.
  Time since last request: 51.717998 seconds.
  path: Assets/model/Cat
  artifactKey: Guid(d001122dfd75445a9aa42279649be6be) Importer(815301076,1909f56bfc062723c751e8b465ee728b)
Start importing Assets/model/Cat using Guid(d001122dfd75445a9aa42279649be6be) Importer(815301076,1909f56bfc062723c751e8b465ee728b)  -> (artifact id: 'c1e5d73c6e615971035f8a186cb333c3') in 0.004817 seconds 
========================================================================
Received Import Request.
  Time since last request: 6.110059 seconds.
  path: Assets/model/Dog
  artifactKey: Guid(701f502353f19453ebcae7b7200dc86e) Importer(815301076,1909f56bfc062723c751e8b465ee728b)
Start importing Assets/model/Dog using Guid(701f502353f19453ebcae7b7200dc86e) Importer(815301076,1909f56bfc062723c751e8b465ee728b)  -> (artifact id: '9a872c4c9676e3ded909fb3a0846fb81') in 0.009377 seconds 
========================================================================
Received Import Request.
  Time since last request: 88.051269 seconds.
  path: Assets/model/Cat/catRig2.fbx
  artifactKey: Guid(8ad710c6512cd458b877fba39d691b83) Importer(815301076,1909f56bfc062723c751e8b465ee728b)
Start importing Assets/model/Cat/catRig2.fbx using Guid(8ad710c6512cd458b877fba39d691b83) Importer(815301076,1909f56bfc062723c751e8b465ee728b)  -> (artifact id: '84e2f389dce7ebe49445b878649cef8b') in 0.074275 seconds 
